<?xml version="1.0" encoding="UTF-8"?>
<!-- Generated by org.testng.reporters.JUnitReportReporter -->
<testsuite hostname="DESKTOP-M8FCCF0" name="com.youceedu.api.test.TestRun" tests="6" failures="0" timestamp="25 May 2019 23:12:53 GMT" time="0.014" errors="0">
  <testcase name="f" time="0.003" classname="com.youceedu.api.test.TestRun"/>
  <testcase name="f" time="0.002" classname="com.youceedu.api.test.TestRun"/>
  <testcase name="f" time="0.002" classname="com.youceedu.api.test.TestRun"/>
  <testcase name="f" time="0.005" classname="com.youceedu.api.test.TestRun"/>
  <testcase name="f" time="0.001" classname="com.youceedu.api.test.TestRun"/>
  <testcase name="f" time="0.001" classname="com.youceedu.api.test.TestRun"/>
</testsuite> <!-- com.youceedu.api.test.TestRun -->
